<?xml version="1.0" encoding="UTF-8"?>
<!-- Generated by org.testng.reporters.JUnitXMLReporter -->
<testsuite ignored="0" hostname="Siku" failures="0" tests="4" name="Default test" time="89.166" errors="0" timestamp="2025-02-21T15:52:28 IST">
  <testcase classname="testcases.LoginTestCases" name="verifySuccessfulLogin" time="25.626"/>
  <testcase classname="testcases.LoginTestCases" name="verifyLoginWithIncorrectPassword" time="21.168"/>
  <testcase classname="testcases.LoginTestCases" name="verifyLoginWithIncorrectEmail" time="21.104"/>
  <testcase classname="testcases.LoginTestCases" name="verifyLoginWithEmptyCredentials" time="21.114"/>
</testsuite> <!-- Default test -->
