<?xml version="1.0" encoding="UTF-8"?>
<!-- Generated by org.testng.reporters.JUnitXMLReporter -->
<testsuite ignored="5" hostname="Siku" failures="0" tests="1" name="Default test" time="13.794" errors="0" timestamp="2025-02-18T21:36:17 IST">
  <testcase classname="testcases.projects.CreateProjectTestCases" name="verifyCreateProject" time="3.792"/>
  <testcase classname="testcases.projects.CreateProjectTestCases" name="verifyCreateProjectWithEndDateBeforeStartDate" time="0.0">
    <ignored/>
  </testcase> <!-- verifyCreateProjectWithEndDateBeforeStartDate -->
  <testcase classname="testcases.projects.CreateProjectTestCases" name="verifyCreateProjectWithInvalidProjectPriority" time="0.0">
    <ignored/>
  </testcase> <!-- verifyCreateProjectWithInvalidProjectPriority -->
  <testcase classname="testcases.projects.CreateProjectTestCases" name="verifyCreateProjectWithInvalidStartDate" time="0.0">
    <ignored/>
  </testcase> <!-- verifyCreateProjectWithInvalidStartDate -->
  <testcase classname="testcases.projects.CreateProjectTestCases" name="verifyCreateProjectWithoutAuthorizationToken" time="0.0">
    <ignored/>
  </testcase> <!-- verifyCreateProjectWithoutAuthorizationToken -->
  <testcase classname="testcases.projects.CreateProjectTestCases" name="verifyCreateProjectWithEmptyProjectName" time="0.0">
    <ignored/>
  </testcase> <!-- verifyCreateProjectWithEmptyProjectName -->
</testsuite> <!-- Default test -->
