<?xml version="1.0" encoding="UTF-8"?>
<testng-results ignored="0" total="4" passed="4" failed="0" skipped="0">
  <reporter-output>
  </reporter-output>
  <suite started-at="2025-02-21T15:50:59 IST" name="Default suite" finished-at="2025-02-21T15:52:28 IST" duration-ms="89166">
    <groups>
    </groups>
    <test started-at="2025-02-21T15:50:59 IST" name="Default test" finished-at="2025-02-21T15:52:28 IST" duration-ms="89166">
      <class name="testcases.LoginTestCases">
        <test-method signature="verifySuccessfulLogin()[pri:1, instance:testcases.LoginTestCases@32eff876]" started-at="2025-02-21T15:50:59 IST" name="verifySuccessfulLogin" finished-at="2025-02-21T15:51:25 IST" duration-ms="25626" status="PASS">
          <reporter-output>
          </reporter-output>
        </test-method> <!-- verifySuccessfulLogin -->
        <test-method signature="verifyLoginWithIncorrectPassword()[pri:2, instance:testcases.LoginTestCases@32eff876]" started-at="2025-02-21T15:51:25 IST" name="verifyLoginWithIncorrectPassword" finished-at="2025-02-21T15:51:46 IST" duration-ms="21168" status="PASS">
          <reporter-output>
          </reporter-output>
        </test-method> <!-- verifyLoginWithIncorrectPassword -->
        <test-method signature="verifyLoginWithIncorrectEmail()[pri:3, instance:testcases.LoginTestCases@32eff876]" started-at="2025-02-21T15:51:46 IST" name="verifyLoginWithIncorrectEmail" finished-at="2025-02-21T15:52:07 IST" duration-ms="21104" status="PASS">
          <reporter-output>
          </reporter-output>
        </test-method> <!-- verifyLoginWithIncorrectEmail -->
        <test-method signature="verifyLoginWithEmptyCredentials()[pri:4, instance:testcases.LoginTestCases@32eff876]" started-at="2025-02-21T15:52:07 IST" name="verifyLoginWithEmptyCredentials" finished-at="2025-02-21T15:52:28 IST" duration-ms="21114" status="PASS">
          <reporter-output>
          </reporter-output>
        </test-method> <!-- verifyLoginWithEmptyCredentials -->
      </class> <!-- testcases.LoginTestCases -->
    </test> <!-- Default test -->
  </suite> <!-- Default suite -->
</testng-results>
