<?xml version="1.0" encoding="UTF-8"?>
<testng-results ignored="5" total="6" passed="1" failed="0" skipped="0">
  <reporter-output>
  </reporter-output>
  <suite started-at="2025-02-18T21:36:03 IST" name="Default suite" finished-at="2025-02-18T21:36:17 IST" duration-ms="13794">
    <groups>
    </groups>
    <test started-at="2025-02-18T21:36:03 IST" name="Default test" finished-at="2025-02-18T21:36:17 IST" duration-ms="13794">
      <class name="testcases.projects.CreateProjectTestCases">
        <test-method is-config="true" signature="setupTestData()[pri:0, instance:testcases.projects.CreateProjectTestCases@38c6f217]" started-at="2025-02-18T21:36:03 IST" name="setupTestData" finished-at="2025-02-18T21:36:13 IST" duration-ms="9658" status="PASS">
          <reporter-output>
          </reporter-output>
        </test-method> <!-- setupTestData -->
        <test-method signature="verifyCreateProject()[pri:1, instance:testcases.projects.CreateProjectTestCases@38c6f217]" started-at="2025-02-18T21:36:13 IST" name="verifyCreateProject" finished-at="2025-02-18T21:36:17 IST" duration-ms="3792" status="PASS">
          <reporter-output>
          </reporter-output>
        </test-method> <!-- verifyCreateProject -->
      </class> <!-- testcases.projects.CreateProjectTestCases -->
    </test> <!-- Default test -->
  </suite> <!-- Default suite -->
</testng-results>
